[2016-07-04 11:00:23]	Cannot open file 
[2016-07-04 11:00:23]	.\NLPIR\Data\KeyBlackList.pdat
[2016-07-04 11:13:53]	Cannot open file 
[2016-07-04 11:13:53]	.\NLPIR\Data\KeyBlackList.pdat
[2016-07-04 11:13:57]	Failed Open file .\NLPIR\analystsNameDic.txt
[2016-07-04 11:13:57]	Error read file
[2016-07-04 11:13:57]	.\NLPIR\analystsNameDic.txt
[2016-07-04 15:42:45]	Cannot open file 
[2016-07-04 15:42:45]	.\NLPIR\Data\KeyBlackList.pdat
[2016-07-04 15:47:34]	Cannot open file 
[2016-07-04 15:47:34]	.\NLPIR\Data\KeyBlackList.pdat
[2016-07-04 15:50:07]	Cannot open file 
[2016-07-04 15:50:07]	.\NLPIR\Data\KeyBlackList.pdat
[2016-07-04 15:50:55]	Cannot open file 
[2016-07-04 15:50:55]	.\NLPIR\Data\KeyBlackList.pdat
[2016-07-04 15:51:46]	Cannot open file 
[2016-07-04 15:51:46]	.\NLPIR\Data\KeyBlackList.pdat
[2016-07-04 15:52:50]	Cannot open file 
[2016-07-04 15:52:50]	.\NLPIR\Data\KeyBlackList.pdat
[2016-07-04 15:53:43]	Cannot open file 
[2016-07-04 15:53:43]	.\NLPIR\Data\KeyBlackList.pdat
[2016-07-04 15:56:19]	Failed Open file .\NLPIR\Data\UserDic.txt
[2016-07-04 15:56:19]	Error read file
[2016-07-04 15:56:19]	.\NLPIR\Data\UserDic.txt
[2016-07-04 19:35:01]	Cannot open file 
[2016-07-04 19:35:01]	.\NLPIR\Data\KeyBlackList.pdat
[2016-07-04 19:40:11]	Cannot open file 
[2016-07-04 19:40:11]	.\NLPIR\Data\KeyBlackList.pdat
[2016-07-04 19:44:36]	Cannot open file 
[2016-07-04 19:44:36]	.\NLPIR\Data\KeyBlackList.pdat
[2016-07-04 19:48:25]	Cannot open file 
[2016-07-04 19:48:25]	.\NLPIR\Data\KeyBlackList.pdat
[2016-07-04 20:08:33]	Cannot open file 
[2016-07-04 20:08:33]	.\NLPIR\Data\KeyBlackList.pdat
[2016-07-04 20:09:44]	Cannot open file 
[2016-07-04 20:09:44]	.\NLPIR\Data\KeyBlackList.pdat
[2016-07-04 20:14:51]	Cannot open file 
[2016-07-04 20:14:51]	.\NLPIR\Data\KeyBlackList.pdat
[2016-07-04 20:19:41]	Cannot open file 
[2016-07-04 20:19:41]	.\NLPIR\Data\KeyBlackList.pdat
[2016-07-04 20:20:59]	Cannot open file 
[2016-07-04 20:20:59]	.\NLPIR\Data\KeyBlackList.pdat
[2016-07-04 20:22:42]	Cannot open file 
[2016-07-04 20:22:42]	.\NLPIR\Data\KeyBlackList.pdat
