[2016-08-18 11:47:46]	Cannot open file 
[2016-08-18 11:47:46]	.\NLPIR\Data\KeyBlackList.pdat
[2016-08-18 11:50:18]	Cannot open file 
[2016-08-18 11:50:18]	.\NLPIR\Data\KeyBlackList.pdat
[2016-08-18 11:51:10]	Cannot open file 
[2016-08-18 11:51:10]	.\NLPIR\Data\KeyBlackList.pdat
[2016-08-18 11:56:57]	Cannot open file 
[2016-08-18 11:56:57]	.\NLPIR\Data\KeyBlackList.pdat
[2016-08-18 11:57:52]	Cannot open file 
[2016-08-18 11:57:52]	.\NLPIR\Data\KeyBlackList.pdat
[2016-08-18 11:59:45]	Cannot open file 
[2016-08-18 11:59:45]	.\NLPIR\Data\KeyBlackList.pdat
[2016-08-18 12:13:54]	Cannot open file 
[2016-08-18 12:13:54]	.\NLPIR\Data\KeyBlackList.pdat
[2016-08-18 12:14:00]	Cannot open file 
[2016-08-18 12:14:00]	.\NLPIR\Data\KeyBlackList.pdat
[2016-08-18 12:15:02]	Cannot open file 
[2016-08-18 12:15:02]	.\NLPIR\Data\KeyBlackList.pdat
[2016-08-18 12:15:50]	Cannot open file 
[2016-08-18 12:15:50]	.\NLPIR\Data\KeyBlackList.pdat
[2016-08-18 12:16:40]	Cannot open file 
[2016-08-18 12:16:40]	.\NLPIR\Data\KeyBlackList.pdat
[2016-08-18 12:17:43]	Cannot open file 
[2016-08-18 12:17:43]	.\NLPIR\Data\KeyBlackList.pdat
[2016-08-18 12:18:28]	Cannot open file 
[2016-08-18 12:18:28]	.\NLPIR\Data\KeyBlackList.pdat
[2016-08-18 12:19:58]	Cannot open file 
[2016-08-18 12:19:58]	.\NLPIR\Data\KeyBlackList.pdat
[2016-08-18 12:20:27]	Cannot open file 
[2016-08-18 12:20:27]	.\NLPIR\Data\KeyBlackList.pdat
[2016-08-18 12:21:22]	Cannot open file 
[2016-08-18 12:21:22]	.\NLPIR\Data\KeyBlackList.pdat
[2016-08-18 12:28:16]	Cannot open file 
[2016-08-18 12:28:16]	.\NLPIR\Data\KeyBlackList.pdat
[2016-08-18 12:32:45]	Cannot open file 
[2016-08-18 12:32:45]	.\NLPIR\Data\KeyBlackList.pdat
[2016-08-18 12:33:24]	Cannot open file 
[2016-08-18 12:33:24]	.\NLPIR\Data\KeyBlackList.pdat
[2016-08-18 12:33:58]	Cannot open file 
[2016-08-18 12:33:58]	.\NLPIR\Data\KeyBlackList.pdat
[2016-08-18 13:24:41]	Cannot open file 
[2016-08-18 13:24:41]	.\NLPIR\Data\KeyBlackList.pdat
[2016-08-18 13:36:00]	Cannot open file 
[2016-08-18 13:36:00]	.\NLPIR\Data\KeyBlackList.pdat
[2016-08-18 13:36:00]	Failed Open file .\NLPIR\userdict.txt
[2016-08-18 13:36:00]	Error read file
[2016-08-18 13:36:00]	.\NLPIR\userdict.txt
[2016-08-18 21:22:01]	Cannot open file 
[2016-08-18 21:22:01]	.\NLPIR\Data\KeyBlackList.pdat
[2016-08-18 21:30:58]	Cannot open file 
[2016-08-18 21:30:58]	.\NLPIR\Data\KeyBlackList.pdat
[2016-08-18 21:31:18]	Cannot open file 
[2016-08-18 21:31:18]	.\NLPIR\Data\KeyBlackList.pdat
[2016-08-18 21:34:53]	Cannot open file 
[2016-08-18 21:34:53]	.\NLPIR\Data\KeyBlackList.pdat
[2016-08-18 21:37:51]	Cannot open file 
[2016-08-18 21:37:51]	.\NLPIR\Data\KeyBlackList.pdat
[2016-08-18 21:41:18]	Cannot open file 
[2016-08-18 21:41:18]	.\NLPIR\Data\KeyBlackList.pdat
[2016-08-18 21:45:40]	Cannot open file 
[2016-08-18 21:45:40]	.\NLPIR\Data\KeyBlackList.pdat
[2016-08-18 21:49:01]	Cannot open file 
[2016-08-18 21:49:01]	.\NLPIR\Data\KeyBlackList.pdat
[2016-08-18 21:54:03]	Cannot open file 
[2016-08-18 21:54:03]	.\NLPIR\Data\KeyBlackList.pdat
[2016-08-18 21:56:36]	Cannot open file 
[2016-08-18 21:56:36]	.\NLPIR\Data\KeyBlackList.pdat
[2016-08-18 22:01:06]	Cannot open file 
[2016-08-18 22:01:06]	.\NLPIR\Data\KeyBlackList.pdat
[2016-08-18 22:05:38]	Cannot open file 
[2016-08-18 22:05:38]	.\NLPIR\Data\KeyBlackList.pdat
[2016-08-18 22:09:47]	Cannot open file 
[2016-08-18 22:09:47]	.\NLPIR\Data\KeyBlackList.pdat
[2016-08-18 22:36:50]	Cannot open file 
[2016-08-18 22:36:50]	.\NLPIR\Data\KeyBlackList.pdat
[2016-08-18 22:43:18]	Cannot open file 
[2016-08-18 22:43:18]	.\NLPIR\Data\KeyBlackList.pdat
[2016-08-18 22:44:35]	Cannot open file 
[2016-08-18 22:44:35]	.\NLPIR\Data\KeyBlackList.pdat
[2016-08-18 22:46:07]	Cannot open file 
[2016-08-18 22:46:07]	.\NLPIR\Data\KeyBlackList.pdat
[2016-08-18 22:55:11]	Cannot open file 
[2016-08-18 22:55:11]	.\NLPIR\Data\KeyBlackList.pdat
[2016-08-18 23:25:05]	Cannot open file 
[2016-08-18 23:25:05]	.\NLPIR\Data\KeyBlackList.pdat
[2016-08-18 23:38:59]	Cannot open file 
[2016-08-18 23:38:59]	.\NLPIR\Data\KeyBlackList.pdat
[2016-08-18 23:39:21]	Cannot open file 
[2016-08-18 23:39:21]	.\NLPIR\Data\KeyBlackList.pdat
