[2016-07-03 17:26:09]	Cannot open file 
[2016-07-03 17:26:09]	.\NLPIR\Data\KeyBlackList.pdat
[2016-07-03 17:30:28]	Cannot open file 
[2016-07-03 17:30:28]	.\NLPIR\Data\KeyBlackList.pdat
[2016-07-03 17:34:45]	Cannot open file 
[2016-07-03 17:34:45]	.\NLPIR\Data\KeyBlackList.pdat
[2016-07-03 17:35:21]	Cannot open file 
[2016-07-03 17:35:21]	.\NLPIR\Data\KeyBlackList.pdat
[2016-07-03 17:36:07]	Cannot open file 
[2016-07-03 17:36:07]	.\NLPIR\Data\KeyBlackList.pdat
[2016-07-03 17:37:41]	Cannot open file 
[2016-07-03 17:37:41]	.\NLPIR\Data\KeyBlackList.pdat
[2016-07-03 17:44:13]	Cannot open file 
[2016-07-03 17:44:13]	.\NLPIR\Data\KeyBlackList.pdat
[2016-07-03 17:47:19]	Cannot open file 
[2016-07-03 17:47:19]	.\NLPIR\Data\KeyBlackList.pdat
[2016-07-03 17:51:41]	Cannot open file 
[2016-07-03 17:51:41]	.\NLPIR\Data\KeyBlackList.pdat
[2016-07-03 17:56:58]	Cannot open file 
[2016-07-03 17:56:58]	.\NLPIR\Data\KeyBlackList.pdat
[2016-07-03 17:58:50]	Cannot open file 
[2016-07-03 17:58:50]	.\NLPIR\Data\KeyBlackList.pdat
[2016-07-03 17:58:50]	Failed Open file D:\\workingwc\\Stock\\AnalystReportAnalysis\\Demonstrate\\bin\\Data\UserDic.txt
[2016-07-03 17:58:50]	Error read file
[2016-07-03 17:58:50]	D:\\workingwc\\Stock\\AnalystReportAnalysis\\Demonstrate\\bin\\Data\UserDic.txt
[2016-07-03 18:19:48]	Cannot open file 
[2016-07-03 18:19:48]	.\NLPIR\Data\KeyBlackList.pdat
[2016-07-03 18:22:12]	Failed Open file D:\\workingwc\\Stock\\AnalystReportAnalysis\\Demonstrate\\bin\\Data\UserDic.txt
[2016-07-03 18:22:12]	Error read file
[2016-07-03 18:22:12]	D:\\workingwc\\Stock\\AnalystReportAnalysis\\Demonstrate\\bin\\Data\UserDic.txt
[2016-07-03 18:23:13]	Cannot open file 
[2016-07-03 18:23:13]	.\NLPIR\Data\KeyBlackList.pdat
[2016-07-03 18:23:13]	Failed Open file D:\\workingwc\\Stock\\AnalystReportAnalysis\\Demonstrate\\bin\\Data\UserDic.txt
[2016-07-03 18:23:13]	Error read file
[2016-07-03 18:23:13]	D:\\workingwc\\Stock\\AnalystReportAnalysis\\Demonstrate\\bin\\Data\UserDic.txt
[2016-07-03 18:27:13]	Cannot open file 
[2016-07-03 18:27:13]	.\NLPIR\Data\KeyBlackList.pdat
[2016-07-03 18:32:13]	Cannot open file 
[2016-07-03 18:32:13]	.\NLPIR\Data\KeyBlackList.pdat
[2016-07-03 18:32:13]	Failed Open file D:\\workingwc\\Stock\\AnalystReportAnalysis\\Demonstrate\\bin\\Data\UserDic.txt
[2016-07-03 18:32:13]	Error read file
[2016-07-03 18:32:13]	D:\\workingwc\\Stock\\AnalystReportAnalysis\\Demonstrate\\bin\\Data\UserDic.txt
[2016-07-03 18:38:22]	Cannot open file 
[2016-07-03 18:38:22]	.\NLPIR\Data\KeyBlackList.pdat
[2016-07-03 18:38:22]	Failed Open file .\NLPIR\Data\UserDic.txt
[2016-07-03 18:38:22]	Error read file
[2016-07-03 18:38:22]	.\NLPIR\Data\UserDic.txt
[2016-07-03 18:41:30]	Cannot open file 
[2016-07-03 18:41:30]	.\NLPIR\Data\KeyBlackList.pdat
[2016-07-03 19:42:29]	Cannot open file 
[2016-07-03 19:42:29]	.\NLPIR\Data\KeyBlackList.pdat
