[2016-07-04 15:40:38]	Cannot open file 
[2016-07-04 15:40:38]	.\NLPIR\Data\KeyBlackList.pdat
[2016-07-04 15:40:39]	Failed Open file .\NLPIR\userdict.txt
[2016-07-04 15:40:39]	Error read file
[2016-07-04 15:40:39]	.\NLPIR\userdict.txt
[2016-07-04 15:41:04]	Failed Open file .\NLPIR\userdict.txt
[2016-07-04 15:41:04]	Error read file
[2016-07-04 15:41:04]	.\NLPIR\userdict.txt
[2016-07-04 15:41:09]	Failed Open file .\NLPIR\userdict.txt
[2016-07-04 15:41:09]	Error read file
[2016-07-04 15:41:09]	.\NLPIR\userdict.txt
[2016-07-04 15:41:09]	Failed Open file .\NLPIR\userdict.txt
[2016-07-04 15:41:09]	Error read file
[2016-07-04 15:41:09]	.\NLPIR\userdict.txt
[2016-07-04 15:41:09]	Failed Open file .\NLPIR\userdict.txt
[2016-07-04 15:41:09]	Error read file
[2016-07-04 15:41:09]	.\NLPIR\userdict.txt
[2016-07-04 15:41:09]	Failed Open file .\NLPIR\userdict.txt
[2016-07-04 15:41:09]	Error read file
[2016-07-04 15:41:09]	.\NLPIR\userdict.txt
[2016-07-04 15:41:09]	Failed Open file .\NLPIR\userdict.txt
[2016-07-04 15:41:09]	Error read file
[2016-07-04 15:41:09]	.\NLPIR\userdict.txt
[2016-07-04 15:41:09]	Failed Open file .\NLPIR\userdict.txt
[2016-07-04 15:41:09]	Error read file
[2016-07-04 15:41:09]	.\NLPIR\userdict.txt
[2016-07-04 15:41:09]	Failed Open file .\NLPIR\userdict.txt
[2016-07-04 15:41:09]	Error read file
[2016-07-04 15:41:09]	.\NLPIR\userdict.txt
[2016-07-04 15:41:09]	Failed Open file .\NLPIR\userdict.txt
[2016-07-04 15:41:09]	Error read file
[2016-07-04 15:41:09]	.\NLPIR\userdict.txt
[2016-07-04 15:41:09]	Failed Open file .\NLPIR\userdict.txt
[2016-07-04 15:41:09]	Error read file
[2016-07-04 15:41:09]	.\NLPIR\userdict.txt
[2016-07-04 15:41:09]	Failed Open file .\NLPIR\userdict.txt
[2016-07-04 15:41:09]	Error read file
[2016-07-04 15:41:09]	.\NLPIR\userdict.txt
[2016-07-04 15:41:09]	Failed Open file .\NLPIR\userdict.txt
[2016-07-04 15:41:09]	Error read file
[2016-07-04 15:41:09]	.\NLPIR\userdict.txt
[2016-07-04 15:41:09]	Failed Open file .\NLPIR\userdict.txt
[2016-07-04 15:41:09]	Error read file
[2016-07-04 15:41:09]	.\NLPIR\userdict.txt
[2016-07-04 15:41:09]	Failed Open file .\NLPIR\userdict.txt
[2016-07-04 15:41:09]	Error read file
[2016-07-04 15:41:09]	.\NLPIR\userdict.txt
[2016-07-04 15:41:09]	Failed Open file .\NLPIR\userdict.txt
[2016-07-04 15:41:09]	Error read file
[2016-07-04 15:41:09]	.\NLPIR\userdict.txt
[2016-07-04 15:41:09]	Failed Open file .\NLPIR\userdict.txt
[2016-07-04 15:41:09]	Error read file
[2016-07-04 15:41:09]	.\NLPIR\userdict.txt
[2016-07-04 15:41:09]	Failed Open file .\NLPIR\userdict.txt
[2016-07-04 15:41:09]	Error read file
[2016-07-04 15:41:09]	.\NLPIR\userdict.txt
[2016-07-04 15:41:09]	Failed Open file .\NLPIR\userdict.txt
[2016-07-04 15:41:09]	Error read file
[2016-07-04 15:41:09]	.\NLPIR\userdict.txt
[2016-07-04 15:41:09]	Failed Open file .\NLPIR\userdict.txt
[2016-07-04 15:41:09]	Error read file
[2016-07-04 15:41:09]	.\NLPIR\userdict.txt
[2016-07-04 15:41:09]	Failed Open file .\NLPIR\userdict.txt
[2016-07-04 15:41:09]	Error read file
[2016-07-04 15:41:09]	.\NLPIR\userdict.txt
[2016-07-04 15:41:09]	Failed Open file .\NLPIR\userdict.txt
[2016-07-04 15:41:09]	Error read file
[2016-07-04 15:41:09]	.\NLPIR\userdict.txt
[2016-07-04 15:41:09]	Failed Open file .\NLPIR\userdict.txt
[2016-07-04 15:41:09]	Error read file
[2016-07-04 15:41:09]	.\NLPIR\userdict.txt
[2016-07-04 15:41:09]	Failed Open file .\NLPIR\userdict.txt
[2016-07-04 15:41:09]	Error read file
[2016-07-04 15:41:09]	.\NLPIR\userdict.txt
[2016-07-04 15:41:09]	Failed Open file .\NLPIR\userdict.txt
[2016-07-04 15:41:09]	Error read file
[2016-07-04 15:41:09]	.\NLPIR\userdict.txt
[2016-07-04 15:41:09]	Failed Open file .\NLPIR\userdict.txt
[2016-07-04 15:41:09]	Error read file
[2016-07-04 15:41:09]	.\NLPIR\userdict.txt
[2016-07-04 15:41:09]	Failed Open file .\NLPIR\userdict.txt
[2016-07-04 15:41:09]	Error read file
[2016-07-04 15:41:09]	.\NLPIR\userdict.txt
[2016-07-04 15:41:09]	Failed Open file .\NLPIR\userdict.txt
[2016-07-04 15:41:09]	Error read file
[2016-07-04 15:41:09]	.\NLPIR\userdict.txt
[2016-07-04 15:41:09]	Failed Open file .\NLPIR\userdict.txt
[2016-07-04 15:41:09]	Error read file
[2016-07-04 15:41:09]	.\NLPIR\userdict.txt
[2016-07-04 15:41:09]	Failed Open file .\NLPIR\userdict.txt
[2016-07-04 15:41:09]	Error read file
[2016-07-04 15:41:09]	.\NLPIR\userdict.txt
[2016-07-04 15:57:40]	Cannot open file 
[2016-07-04 15:57:40]	.\NLPIR\Data\KeyBlackList.pdat
[2016-07-04 15:57:41]	Failed Open file .\NLPIR\userdict.txt
[2016-07-04 15:57:41]	Error read file
[2016-07-04 15:57:41]	.\NLPIR\userdict.txt
[2016-07-04 15:57:47]	Failed Open file .\NLPIR\userdict.txt
[2016-07-04 15:57:47]	Error read file
[2016-07-04 15:57:47]	.\NLPIR\userdict.txt
[2016-07-04 15:57:47]	Failed Open file .\NLPIR\userdict.txt
[2016-07-04 15:57:47]	Error read file
[2016-07-04 15:57:47]	.\NLPIR\userdict.txt
[2016-07-04 15:57:57]	Failed Open file .\NLPIR\userdict.txt
[2016-07-04 15:57:57]	Error read file
[2016-07-04 15:57:57]	.\NLPIR\userdict.txt
[2016-07-04 15:58:39]	Failed Open file .\NLPIR\userdict.txt
[2016-07-04 15:58:39]	Error read file
[2016-07-04 15:58:39]	.\NLPIR\userdict.txt
[2016-07-04 15:58:44]	Failed Open file .\NLPIR\userdict.txt
[2016-07-04 15:58:44]	Error read file
[2016-07-04 15:58:44]	.\NLPIR\userdict.txt
[2016-07-04 15:58:44]	Failed Open file .\NLPIR\userdict.txt
[2016-07-04 15:58:44]	Error read file
[2016-07-04 15:58:44]	.\NLPIR\userdict.txt
[2016-07-04 15:58:44]	Failed Open file .\NLPIR\userdict.txt
[2016-07-04 15:58:44]	Error read file
[2016-07-04 15:58:44]	.\NLPIR\userdict.txt
[2016-07-04 15:58:44]	Failed Open file .\NLPIR\userdict.txt
[2016-07-04 15:58:44]	Error read file
[2016-07-04 15:58:44]	.\NLPIR\userdict.txt
[2016-07-04 15:58:44]	Failed Open file .\NLPIR\userdict.txt
[2016-07-04 15:58:44]	Error read file
[2016-07-04 15:58:44]	.\NLPIR\userdict.txt
[2016-07-04 15:58:44]	Failed Open file .\NLPIR\userdict.txt
[2016-07-04 15:58:44]	Error read file
[2016-07-04 15:58:44]	.\NLPIR\userdict.txt
[2016-07-04 15:58:44]	Failed Open file .\NLPIR\userdict.txt
[2016-07-04 15:58:44]	Error read file
[2016-07-04 15:58:44]	.\NLPIR\userdict.txt
[2016-07-04 15:58:44]	Failed Open file .\NLPIR\userdict.txt
[2016-07-04 15:58:44]	Error read file
[2016-07-04 15:58:44]	.\NLPIR\userdict.txt
[2016-07-04 15:58:44]	Failed Open file .\NLPIR\userdict.txt
[2016-07-04 15:58:44]	Error read file
[2016-07-04 15:58:44]	.\NLPIR\userdict.txt
[2016-07-04 15:58:44]	Failed Open file .\NLPIR\userdict.txt
[2016-07-04 15:58:44]	Error read file
[2016-07-04 15:58:44]	.\NLPIR\userdict.txt
[2016-07-04 15:58:44]	Failed Open file .\NLPIR\userdict.txt
[2016-07-04 15:58:44]	Error read file
[2016-07-04 15:58:44]	.\NLPIR\userdict.txt
[2016-07-04 15:58:44]	Failed Open file .\NLPIR\userdict.txt
[2016-07-04 15:58:44]	Error read file
[2016-07-04 15:58:44]	.\NLPIR\userdict.txt
[2016-07-04 15:58:44]	Failed Open file .\NLPIR\userdict.txt
[2016-07-04 15:58:44]	Error read file
[2016-07-04 15:58:44]	.\NLPIR\userdict.txt
[2016-07-04 15:58:44]	Failed Open file .\NLPIR\userdict.txt
[2016-07-04 15:58:44]	Error read file
[2016-07-04 15:58:44]	.\NLPIR\userdict.txt
[2016-07-04 15:58:44]	Failed Open file .\NLPIR\userdict.txt
[2016-07-04 15:58:44]	Error read file
[2016-07-04 15:58:44]	.\NLPIR\userdict.txt
[2016-07-04 15:58:44]	Failed Open file .\NLPIR\userdict.txt
[2016-07-04 15:58:44]	Error read file
[2016-07-04 15:58:44]	.\NLPIR\userdict.txt
[2016-07-04 15:58:44]	Failed Open file .\NLPIR\userdict.txt
[2016-07-04 15:58:44]	Error read file
[2016-07-04 15:58:44]	.\NLPIR\userdict.txt
[2016-07-04 15:58:44]	Failed Open file .\NLPIR\userdict.txt
[2016-07-04 15:58:44]	Error read file
[2016-07-04 15:58:44]	.\NLPIR\userdict.txt
[2016-07-04 15:58:44]	Failed Open file .\NLPIR\userdict.txt
[2016-07-04 15:58:44]	Error read file
[2016-07-04 15:58:44]	.\NLPIR\userdict.txt
[2016-07-04 15:58:44]	Failed Open file .\NLPIR\userdict.txt
[2016-07-04 15:58:44]	Error read file
[2016-07-04 15:58:44]	.\NLPIR\userdict.txt
[2016-07-04 15:58:44]	Failed Open file .\NLPIR\userdict.txt
[2016-07-04 15:58:44]	Error read file
[2016-07-04 15:58:44]	.\NLPIR\userdict.txt
[2016-07-04 15:58:44]	Failed Open file .\NLPIR\userdict.txt
[2016-07-04 15:58:44]	Error read file
[2016-07-04 15:58:44]	.\NLPIR\userdict.txt
[2016-07-04 15:58:44]	Failed Open file .\NLPIR\userdict.txt
[2016-07-04 15:58:44]	Error read file
[2016-07-04 15:58:44]	.\NLPIR\userdict.txt
[2016-07-04 15:58:44]	Failed Open file .\NLPIR\userdict.txt
[2016-07-04 15:58:44]	Error read file
[2016-07-04 15:58:44]	.\NLPIR\userdict.txt
[2016-07-04 15:58:44]	Failed Open file .\NLPIR\userdict.txt
[2016-07-04 15:58:44]	Error read file
[2016-07-04 15:58:44]	.\NLPIR\userdict.txt
[2016-07-04 15:58:44]	Failed Open file .\NLPIR\userdict.txt
[2016-07-04 15:58:44]	Error read file
[2016-07-04 15:58:44]	.\NLPIR\userdict.txt
[2016-07-04 15:58:44]	Failed Open file .\NLPIR\userdict.txt
[2016-07-04 15:58:44]	Error read file
[2016-07-04 15:58:44]	.\NLPIR\userdict.txt
[2016-07-04 15:58:44]	Failed Open file .\NLPIR\userdict.txt
[2016-07-04 15:58:44]	Error read file
[2016-07-04 15:58:44]	.\NLPIR\userdict.txt
[2016-07-04 15:58:44]	Failed Open file .\NLPIR\userdict.txt
[2016-07-04 15:58:44]	Error read file
[2016-07-04 15:58:44]	.\NLPIR\userdict.txt
[2016-07-04 15:58:44]	Failed Open file .\NLPIR\userdict.txt
[2016-07-04 15:58:44]	Error read file
[2016-07-04 15:58:44]	.\NLPIR\userdict.txt
[2016-07-04 15:58:44]	Failed Open file .\NLPIR\userdict.txt
[2016-07-04 15:58:44]	Error read file
[2016-07-04 15:58:44]	.\NLPIR\userdict.txt
[2016-07-04 15:58:44]	Failed Open file .\NLPIR\userdict.txt
[2016-07-04 15:58:44]	Error read file
[2016-07-04 15:58:44]	.\NLPIR\userdict.txt
[2016-07-04 15:58:44]	Failed Open file .\NLPIR\userdict.txt
[2016-07-04 15:58:44]	Error read file
[2016-07-04 15:58:44]	.\NLPIR\userdict.txt
[2016-07-04 15:58:44]	Failed Open file .\NLPIR\userdict.txt
[2016-07-04 15:58:44]	Error read file
[2016-07-04 15:58:44]	.\NLPIR\userdict.txt
[2016-07-04 15:58:44]	Failed Open file .\NLPIR\userdict.txt
[2016-07-04 15:58:44]	Error read file
[2016-07-04 15:58:44]	.\NLPIR\userdict.txt
[2016-07-04 15:58:44]	Failed Open file .\NLPIR\userdict.txt
[2016-07-04 15:58:44]	Error read file
[2016-07-04 15:58:44]	.\NLPIR\userdict.txt
[2016-07-04 15:58:44]	Failed Open file .\NLPIR\userdict.txt
[2016-07-04 15:58:44]	Error read file
[2016-07-04 15:58:44]	.\NLPIR\userdict.txt
[2016-07-04 15:58:44]	Failed Open file .\NLPIR\userdict.txt
[2016-07-04 15:58:44]	Error read file
[2016-07-04 15:58:44]	.\NLPIR\userdict.txt
[2016-07-04 15:58:44]	Failed Open file .\NLPIR\userdict.txt
[2016-07-04 15:58:44]	Error read file
[2016-07-04 15:58:44]	.\NLPIR\userdict.txt
[2016-07-04 15:58:44]	Failed Open file .\NLPIR\userdict.txt
[2016-07-04 15:58:44]	Error read file
[2016-07-04 15:58:44]	.\NLPIR\userdict.txt
[2016-07-04 15:58:44]	Failed Open file .\NLPIR\userdict.txt
[2016-07-04 15:58:44]	Error read file
[2016-07-04 15:58:44]	.\NLPIR\userdict.txt
[2016-07-04 15:58:44]	Failed Open file .\NLPIR\userdict.txt
[2016-07-04 15:58:44]	Error read file
[2016-07-04 15:58:44]	.\NLPIR\userdict.txt
[2016-07-04 15:58:45]	Failed Open file .\NLPIR\userdict.txt
[2016-07-04 15:58:45]	Error read file
[2016-07-04 15:58:45]	.\NLPIR\userdict.txt
[2016-07-04 15:58:45]	Failed Open file .\NLPIR\userdict.txt
[2016-07-04 15:58:45]	Error read file
[2016-07-04 15:58:45]	.\NLPIR\userdict.txt
[2016-07-04 15:58:45]	Failed Open file .\NLPIR\userdict.txt
[2016-07-04 15:58:45]	Error read file
[2016-07-04 15:58:45]	.\NLPIR\userdict.txt
[2016-07-04 15:58:45]	Failed Open file .\NLPIR\userdict.txt
[2016-07-04 15:58:45]	Error read file
[2016-07-04 15:58:45]	.\NLPIR\userdict.txt
[2016-07-04 15:58:45]	Failed Open file .\NLPIR\userdict.txt
[2016-07-04 15:58:45]	Error read file
[2016-07-04 15:58:45]	.\NLPIR\userdict.txt
[2016-07-04 15:58:45]	Failed Open file .\NLPIR\userdict.txt
[2016-07-04 15:58:45]	Error read file
[2016-07-04 15:58:45]	.\NLPIR\userdict.txt
[2016-07-04 15:58:45]	Failed Open file .\NLPIR\userdict.txt
[2016-07-04 15:58:45]	Error read file
[2016-07-04 15:58:45]	.\NLPIR\userdict.txt
[2016-07-04 15:58:45]	Failed Open file .\NLPIR\userdict.txt
[2016-07-04 15:58:45]	Error read file
[2016-07-04 15:58:45]	.\NLPIR\userdict.txt
[2016-07-04 15:58:45]	Failed Open file .\NLPIR\userdict.txt
[2016-07-04 15:58:45]	Error read file
[2016-07-04 15:58:45]	.\NLPIR\userdict.txt
[2016-07-04 15:58:45]	Failed Open file .\NLPIR\userdict.txt
[2016-07-04 15:58:45]	Error read file
[2016-07-04 15:58:45]	.\NLPIR\userdict.txt
[2016-07-04 15:58:45]	Failed Open file .\NLPIR\userdict.txt
[2016-07-04 15:58:45]	Error read file
[2016-07-04 15:58:45]	.\NLPIR\userdict.txt
[2016-07-04 15:58:45]	Failed Open file .\NLPIR\userdict.txt
[2016-07-04 15:58:45]	Error read file
[2016-07-04 15:58:45]	.\NLPIR\userdict.txt
[2016-07-04 15:58:45]	Failed Open file .\NLPIR\userdict.txt
[2016-07-04 15:58:45]	Error read file
[2016-07-04 15:58:45]	.\NLPIR\userdict.txt
[2016-07-04 15:58:45]	Failed Open file .\NLPIR\userdict.txt
[2016-07-04 15:58:45]	Error read file
[2016-07-04 15:58:45]	.\NLPIR\userdict.txt
[2016-07-04 15:58:45]	Failed Open file .\NLPIR\userdict.txt
[2016-07-04 15:58:45]	Error read file
[2016-07-04 15:58:45]	.\NLPIR\userdict.txt
[2016-07-04 15:58:45]	Failed Open file .\NLPIR\userdict.txt
[2016-07-04 15:58:45]	Error read file
[2016-07-04 15:58:45]	.\NLPIR\userdict.txt
[2016-07-04 15:58:45]	Failed Open file .\NLPIR\userdict.txt
[2016-07-04 15:58:45]	Error read file
[2016-07-04 15:58:45]	.\NLPIR\userdict.txt
[2016-07-04 15:58:45]	Failed Open file .\NLPIR\userdict.txt
[2016-07-04 15:58:45]	Error read file
[2016-07-04 15:58:45]	.\NLPIR\userdict.txt
[2016-07-04 15:58:45]	Failed Open file .\NLPIR\userdict.txt
[2016-07-04 15:58:45]	Error read file
[2016-07-04 15:58:45]	.\NLPIR\userdict.txt
[2016-07-04 15:58:45]	Failed Open file .\NLPIR\userdict.txt
[2016-07-04 15:58:45]	Error read file
[2016-07-04 15:58:45]	.\NLPIR\userdict.txt
[2016-07-04 15:58:45]	Failed Open file .\NLPIR\userdict.txt
[2016-07-04 15:58:45]	Error read file
[2016-07-04 15:58:45]	.\NLPIR\userdict.txt
[2016-07-04 15:58:45]	Failed Open file .\NLPIR\userdict.txt
[2016-07-04 15:58:45]	Error read file
[2016-07-04 15:58:45]	.\NLPIR\userdict.txt
[2016-07-04 15:58:45]	Failed Open file .\NLPIR\userdict.txt
[2016-07-04 15:58:45]	Error read file
[2016-07-04 15:58:45]	.\NLPIR\userdict.txt
[2016-07-04 15:58:45]	Failed Open file .\NLPIR\userdict.txt
[2016-07-04 15:58:45]	Error read file
[2016-07-04 15:58:45]	.\NLPIR\userdict.txt
[2016-07-04 15:58:45]	Failed Open file .\NLPIR\userdict.txt
[2016-07-04 15:58:45]	Error read file
[2016-07-04 15:58:45]	.\NLPIR\userdict.txt
[2016-07-04 15:58:45]	Failed Open file .\NLPIR\userdict.txt
[2016-07-04 15:58:45]	Error read file
[2016-07-04 15:58:45]	.\NLPIR\userdict.txt
[2016-07-04 15:58:45]	Failed Open file .\NLPIR\userdict.txt
[2016-07-04 15:58:45]	Error read file
[2016-07-04 15:58:45]	.\NLPIR\userdict.txt
[2016-07-04 15:58:45]	Failed Open file .\NLPIR\userdict.txt
[2016-07-04 15:58:45]	Error read file
[2016-07-04 15:58:45]	.\NLPIR\userdict.txt
[2016-07-04 15:58:45]	Failed Open file .\NLPIR\userdict.txt
[2016-07-04 15:58:45]	Error read file
[2016-07-04 15:58:45]	.\NLPIR\userdict.txt
[2016-07-04 15:58:45]	Failed Open file .\NLPIR\userdict.txt
[2016-07-04 15:58:45]	Error read file
[2016-07-04 15:58:45]	.\NLPIR\userdict.txt
[2016-07-04 15:58:45]	Failed Open file .\NLPIR\userdict.txt
[2016-07-04 15:58:45]	Error read file
[2016-07-04 15:58:45]	.\NLPIR\userdict.txt
[2016-07-04 15:58:45]	Failed Open file .\NLPIR\userdict.txt
[2016-07-04 15:58:45]	Error read file
[2016-07-04 15:58:45]	.\NLPIR\userdict.txt
[2016-07-04 15:58:45]	Failed Open file .\NLPIR\userdict.txt
[2016-07-04 15:58:45]	Error read file
[2016-07-04 15:58:45]	.\NLPIR\userdict.txt
[2016-07-04 15:58:45]	Failed Open file .\NLPIR\userdict.txt
[2016-07-04 15:58:45]	Error read file
[2016-07-04 15:58:45]	.\NLPIR\userdict.txt
[2016-07-04 15:58:45]	Failed Open file .\NLPIR\userdict.txt
[2016-07-04 15:58:45]	Error read file
[2016-07-04 15:58:45]	.\NLPIR\userdict.txt
[2016-07-04 15:58:45]	Failed Open file .\NLPIR\userdict.txt
[2016-07-04 15:58:45]	Error read file
[2016-07-04 15:58:45]	.\NLPIR\userdict.txt
[2016-07-04 15:58:45]	Failed Open file .\NLPIR\userdict.txt
[2016-07-04 15:58:45]	Error read file
[2016-07-04 15:58:45]	.\NLPIR\userdict.txt
[2016-07-04 15:58:45]	Failed Open file .\NLPIR\userdict.txt
[2016-07-04 15:58:45]	Error read file
[2016-07-04 15:58:45]	.\NLPIR\userdict.txt
[2016-07-04 15:58:45]	Failed Open file .\NLPIR\userdict.txt
[2016-07-04 15:58:45]	Error read file
[2016-07-04 15:58:45]	.\NLPIR\userdict.txt
[2016-07-04 15:58:45]	Failed Open file .\NLPIR\userdict.txt
[2016-07-04 15:58:45]	Error read file
[2016-07-04 15:58:45]	.\NLPIR\userdict.txt
[2016-07-04 15:58:45]	Failed Open file .\NLPIR\userdict.txt
[2016-07-04 15:58:45]	Error read file
[2016-07-04 15:58:45]	.\NLPIR\userdict.txt
[2016-07-04 15:58:45]	Failed Open file .\NLPIR\userdict.txt
[2016-07-04 15:58:45]	Error read file
[2016-07-04 15:58:45]	.\NLPIR\userdict.txt
[2016-07-04 15:58:45]	Failed Open file .\NLPIR\userdict.txt
[2016-07-04 15:58:45]	Error read file
[2016-07-04 15:58:45]	.\NLPIR\userdict.txt
[2016-07-04 15:58:45]	Failed Open file .\NLPIR\userdict.txt
[2016-07-04 15:58:45]	Error read file
[2016-07-04 15:58:45]	.\NLPIR\userdict.txt
[2016-07-04 15:58:45]	Failed Open file .\NLPIR\userdict.txt
[2016-07-04 15:58:45]	Error read file
[2016-07-04 15:58:45]	.\NLPIR\userdict.txt
[2016-07-04 15:58:45]	Failed Open file .\NLPIR\userdict.txt
[2016-07-04 15:58:45]	Error read file
[2016-07-04 15:58:45]	.\NLPIR\userdict.txt
[2016-07-04 15:58:45]	Failed Open file .\NLPIR\userdict.txt
[2016-07-04 15:58:45]	Error read file
[2016-07-04 15:58:45]	.\NLPIR\userdict.txt
[2016-07-04 15:58:45]	Failed Open file .\NLPIR\userdict.txt
[2016-07-04 15:58:45]	Error read file
[2016-07-04 15:58:45]	.\NLPIR\userdict.txt
[2016-07-04 15:58:45]	Failed Open file .\NLPIR\userdict.txt
[2016-07-04 15:58:45]	Error read file
[2016-07-04 15:58:45]	.\NLPIR\userdict.txt
[2016-07-04 15:58:45]	Failed Open file .\NLPIR\userdict.txt
[2016-07-04 15:58:45]	Error read file
[2016-07-04 15:58:45]	.\NLPIR\userdict.txt
[2016-07-04 15:58:45]	Failed Open file .\NLPIR\userdict.txt
[2016-07-04 15:58:45]	Error read file
[2016-07-04 15:58:45]	.\NLPIR\userdict.txt
[2016-07-04 15:58:45]	Failed Open file .\NLPIR\userdict.txt
[2016-07-04 15:58:45]	Error read file
[2016-07-04 15:58:45]	.\NLPIR\userdict.txt
[2016-07-04 15:58:45]	Failed Open file .\NLPIR\userdict.txt
[2016-07-04 15:58:45]	Error read file
[2016-07-04 15:58:45]	.\NLPIR\userdict.txt
[2016-07-04 15:58:45]	Failed Open file .\NLPIR\userdict.txt
[2016-07-04 15:58:45]	Error read file
[2016-07-04 15:58:45]	.\NLPIR\userdict.txt
[2016-07-04 15:58:45]	Failed Open file .\NLPIR\userdict.txt
[2016-07-04 15:58:45]	Error read file
[2016-07-04 15:58:45]	.\NLPIR\userdict.txt
[2016-07-04 15:58:45]	Failed Open file .\NLPIR\userdict.txt
[2016-07-04 15:58:45]	Error read file
[2016-07-04 15:58:45]	.\NLPIR\userdict.txt
[2016-07-04 15:58:45]	Failed Open file .\NLPIR\userdict.txt
[2016-07-04 15:58:45]	Error read file
[2016-07-04 15:58:45]	.\NLPIR\userdict.txt
[2016-07-04 15:58:45]	Failed Open file .\NLPIR\userdict.txt
[2016-07-04 15:58:45]	Error read file
[2016-07-04 15:58:45]	.\NLPIR\userdict.txt
[2016-07-04 15:58:45]	Failed Open file .\NLPIR\userdict.txt
[2016-07-04 15:58:45]	Error read file
[2016-07-04 15:58:45]	.\NLPIR\userdict.txt
[2016-07-04 15:58:45]	Failed Open file .\NLPIR\userdict.txt
[2016-07-04 15:58:45]	Error read file
[2016-07-04 15:58:45]	.\NLPIR\userdict.txt
[2016-07-04 15:58:45]	Failed Open file .\NLPIR\userdict.txt
[2016-07-04 15:58:45]	Error read file
[2016-07-04 15:58:45]	.\NLPIR\userdict.txt
[2016-07-04 15:58:45]	Failed Open file .\NLPIR\userdict.txt
[2016-07-04 15:58:45]	Error read file
[2016-07-04 15:58:45]	.\NLPIR\userdict.txt
[2016-07-04 15:58:45]	Failed Open file .\NLPIR\userdict.txt
[2016-07-04 15:58:45]	Error read file
[2016-07-04 15:58:45]	.\NLPIR\userdict.txt
[2016-07-04 15:58:45]	Failed Open file .\NLPIR\userdict.txt
[2016-07-04 15:58:45]	Error read file
[2016-07-04 15:58:45]	.\NLPIR\userdict.txt
[2016-07-04 15:58:45]	Failed Open file .\NLPIR\userdict.txt
[2016-07-04 15:58:45]	Error read file
[2016-07-04 15:58:45]	.\NLPIR\userdict.txt
[2016-07-04 15:58:45]	Failed Open file .\NLPIR\userdict.txt
[2016-07-04 15:58:45]	Error read file
[2016-07-04 15:58:45]	.\NLPIR\userdict.txt
[2016-07-04 15:58:45]	Failed Open file .\NLPIR\userdict.txt
[2016-07-04 15:58:45]	Error read file
[2016-07-04 15:58:45]	.\NLPIR\userdict.txt
[2016-07-04 15:58:45]	Failed Open file .\NLPIR\userdict.txt
[2016-07-04 15:58:45]	Error read file
[2016-07-04 15:58:45]	.\NLPIR\userdict.txt
[2016-07-04 15:58:45]	Failed Open file .\NLPIR\userdict.txt
[2016-07-04 15:58:45]	Error read file
[2016-07-04 15:58:45]	.\NLPIR\userdict.txt
[2016-07-04 15:58:45]	Failed Open file .\NLPIR\userdict.txt
[2016-07-04 15:58:45]	Error read file
[2016-07-04 15:58:45]	.\NLPIR\userdict.txt
[2016-07-04 15:58:45]	Failed Open file .\NLPIR\userdict.txt
[2016-07-04 15:58:45]	Error read file
[2016-07-04 15:58:45]	.\NLPIR\userdict.txt
[2016-07-04 15:58:45]	Failed Open file .\NLPIR\userdict.txt
[2016-07-04 15:58:45]	Error read file
[2016-07-04 15:58:45]	.\NLPIR\userdict.txt
[2016-07-04 15:58:45]	Failed Open file .\NLPIR\userdict.txt
[2016-07-04 15:58:45]	Error read file
[2016-07-04 15:58:45]	.\NLPIR\userdict.txt
[2016-07-04 15:58:45]	Failed Open file .\NLPIR\userdict.txt
[2016-07-04 15:58:45]	Error read file
[2016-07-04 15:58:45]	.\NLPIR\userdict.txt
[2016-07-04 15:58:45]	Failed Open file .\NLPIR\userdict.txt
[2016-07-04 15:58:45]	Error read file
[2016-07-04 15:58:45]	.\NLPIR\userdict.txt
[2016-07-04 15:58:45]	Failed Open file .\NLPIR\userdict.txt
[2016-07-04 15:58:45]	Error read file
[2016-07-04 15:58:45]	.\NLPIR\userdict.txt
[2016-07-04 15:58:45]	Failed Open file .\NLPIR\userdict.txt
[2016-07-04 15:58:45]	Error read file
[2016-07-04 15:58:45]	.\NLPIR\userdict.txt
[2016-07-04 15:58:45]	Failed Open file .\NLPIR\userdict.txt
[2016-07-04 15:58:45]	Error read file
[2016-07-04 15:58:45]	.\NLPIR\userdict.txt
[2016-07-04 15:58:45]	Failed Open file .\NLPIR\userdict.txt
[2016-07-04 15:58:45]	Error read file
[2016-07-04 15:58:45]	.\NLPIR\userdict.txt
[2016-07-04 15:58:45]	Failed Open file .\NLPIR\userdict.txt
[2016-07-04 15:58:45]	Error read file
[2016-07-04 15:58:45]	.\NLPIR\userdict.txt
[2016-07-04 15:58:45]	Failed Open file .\NLPIR\userdict.txt
[2016-07-04 15:58:45]	Error read file
[2016-07-04 15:58:45]	.\NLPIR\userdict.txt
[2016-07-04 15:58:45]	Failed Open file .\NLPIR\userdict.txt
[2016-07-04 15:58:45]	Error read file
[2016-07-04 15:58:45]	.\NLPIR\userdict.txt
[2016-07-04 15:58:45]	Failed Open file .\NLPIR\userdict.txt
[2016-07-04 15:58:45]	Error read file
[2016-07-04 15:58:45]	.\NLPIR\userdict.txt
[2016-07-04 15:58:45]	Failed Open file .\NLPIR\userdict.txt
[2016-07-04 15:58:45]	Error read file
[2016-07-04 15:58:45]	.\NLPIR\userdict.txt
[2016-07-04 15:58:45]	Failed Open file .\NLPIR\userdict.txt
[2016-07-04 15:58:45]	Error read file
[2016-07-04 15:58:45]	.\NLPIR\userdict.txt
[2016-07-04 15:58:45]	Failed Open file .\NLPIR\userdict.txt
[2016-07-04 15:58:45]	Error read file
[2016-07-04 15:58:45]	.\NLPIR\userdict.txt
[2016-07-04 15:58:45]	Failed Open file .\NLPIR\userdict.txt
[2016-07-04 15:58:45]	Error read file
[2016-07-04 15:58:45]	.\NLPIR\userdict.txt
[2016-07-04 15:58:45]	Failed Open file .\NLPIR\userdict.txt
[2016-07-04 15:58:45]	Error read file
[2016-07-04 15:58:45]	.\NLPIR\userdict.txt
[2016-07-04 15:58:45]	Failed Open file .\NLPIR\userdict.txt
[2016-07-04 15:58:45]	Error read file
[2016-07-04 15:58:45]	.\NLPIR\userdict.txt
[2016-07-04 15:58:45]	Failed Open file .\NLPIR\userdict.txt
[2016-07-04 15:58:45]	Error read file
[2016-07-04 15:58:45]	.\NLPIR\userdict.txt
[2016-07-04 15:58:45]	Failed Open file .\NLPIR\userdict.txt
[2016-07-04 15:58:45]	Error read file
[2016-07-04 15:58:45]	.\NLPIR\userdict.txt
[2016-07-04 15:58:45]	Failed Open file .\NLPIR\userdict.txt
[2016-07-04 15:58:45]	Error read file
[2016-07-04 15:58:45]	.\NLPIR\userdict.txt
[2016-07-04 15:58:45]	Failed Open file .\NLPIR\userdict.txt
[2016-07-04 15:58:45]	Error read file
[2016-07-04 15:58:45]	.\NLPIR\userdict.txt
[2016-07-04 15:58:45]	Failed Open file .\NLPIR\userdict.txt
[2016-07-04 15:58:45]	Error read file
[2016-07-04 15:58:45]	.\NLPIR\userdict.txt
[2016-07-04 15:58:45]	Failed Open file .\NLPIR\userdict.txt
[2016-07-04 15:58:45]	Error read file
[2016-07-04 15:58:45]	.\NLPIR\userdict.txt
[2016-07-04 15:58:45]	Failed Open file .\NLPIR\userdict.txt
[2016-07-04 15:58:45]	Error read file
[2016-07-04 15:58:45]	.\NLPIR\userdict.txt
[2016-07-04 15:58:45]	Failed Open file .\NLPIR\userdict.txt
[2016-07-04 15:58:45]	Error read file
[2016-07-04 15:58:45]	.\NLPIR\userdict.txt
[2016-07-04 15:58:45]	Failed Open file .\NLPIR\userdict.txt
[2016-07-04 15:58:45]	Error read file
[2016-07-04 15:58:45]	.\NLPIR\userdict.txt
[2016-07-04 15:58:45]	Failed Open file .\NLPIR\userdict.txt
[2016-07-04 15:58:45]	Error read file
[2016-07-04 15:58:45]	.\NLPIR\userdict.txt
[2016-07-04 15:58:45]	Failed Open file .\NLPIR\userdict.txt
[2016-07-04 15:58:45]	Error read file
[2016-07-04 15:58:45]	.\NLPIR\userdict.txt
[2016-07-04 15:58:45]	Failed Open file .\NLPIR\userdict.txt
[2016-07-04 15:58:45]	Error read file
[2016-07-04 15:58:45]	.\NLPIR\userdict.txt
[2016-07-04 15:58:45]	Failed Open file .\NLPIR\userdict.txt
[2016-07-04 15:58:45]	Error read file
[2016-07-04 15:58:45]	.\NLPIR\userdict.txt
[2016-07-04 15:58:45]	Failed Open file .\NLPIR\userdict.txt
[2016-07-04 15:58:45]	Error read file
[2016-07-04 15:58:45]	.\NLPIR\userdict.txt
[2016-07-04 15:58:45]	Failed Open file .\NLPIR\userdict.txt
[2016-07-04 15:58:45]	Error read file
[2016-07-04 15:58:45]	.\NLPIR\userdict.txt
[2016-07-04 15:58:45]	Failed Open file .\NLPIR\userdict.txt
[2016-07-04 15:58:45]	Error read file
[2016-07-04 15:58:45]	.\NLPIR\userdict.txt
[2016-07-04 15:58:45]	Failed Open file .\NLPIR\userdict.txt
[2016-07-04 15:58:45]	Error read file
[2016-07-04 15:58:45]	.\NLPIR\userdict.txt
[2016-07-04 15:58:45]	Failed Open file .\NLPIR\userdict.txt
[2016-07-04 15:58:45]	Error read file
[2016-07-04 15:58:45]	.\NLPIR\userdict.txt
[2016-07-04 15:58:45]	Failed Open file .\NLPIR\userdict.txt
[2016-07-04 15:58:45]	Error read file
[2016-07-04 15:58:45]	.\NLPIR\userdict.txt
[2016-07-04 15:58:45]	Failed Open file .\NLPIR\userdict.txt
[2016-07-04 15:58:45]	Error read file
[2016-07-04 15:58:45]	.\NLPIR\userdict.txt
[2016-07-04 15:58:45]	Failed Open file .\NLPIR\userdict.txt
[2016-07-04 15:58:45]	Error read file
[2016-07-04 15:58:45]	.\NLPIR\userdict.txt
[2016-07-04 15:58:45]	Failed Open file .\NLPIR\userdict.txt
[2016-07-04 15:58:45]	Error read file
[2016-07-04 15:58:45]	.\NLPIR\userdict.txt
[2016-07-04 15:58:45]	Failed Open file .\NLPIR\userdict.txt
[2016-07-04 15:58:45]	Error read file
[2016-07-04 15:58:45]	.\NLPIR\userdict.txt
[2016-07-04 15:58:45]	Failed Open file .\NLPIR\userdict.txt
[2016-07-04 15:58:45]	Error read file
[2016-07-04 15:58:45]	.\NLPIR\userdict.txt
[2016-07-04 15:58:45]	Failed Open file .\NLPIR\userdict.txt
[2016-07-04 15:58:45]	Error read file
[2016-07-04 15:58:45]	.\NLPIR\userdict.txt
[2016-07-04 15:58:45]	Failed Open file .\NLPIR\userdict.txt
[2016-07-04 15:58:45]	Error read file
[2016-07-04 15:58:45]	.\NLPIR\userdict.txt
[2016-07-04 15:58:45]	Failed Open file .\NLPIR\userdict.txt
[2016-07-04 15:58:45]	Error read file
[2016-07-04 15:58:45]	.\NLPIR\userdict.txt
[2016-07-04 15:58:45]	Failed Open file .\NLPIR\userdict.txt
[2016-07-04 15:58:45]	Error read file
[2016-07-04 15:58:45]	.\NLPIR\userdict.txt
[2016-07-04 15:58:45]	Failed Open file .\NLPIR\userdict.txt
[2016-07-04 15:58:45]	Error read file
[2016-07-04 15:58:45]	.\NLPIR\userdict.txt
[2016-07-04 15:58:45]	Failed Open file .\NLPIR\userdict.txt
[2016-07-04 15:58:45]	Error read file
[2016-07-04 15:58:45]	.\NLPIR\userdict.txt
[2016-07-04 15:58:45]	Failed Open file .\NLPIR\userdict.txt
[2016-07-04 15:58:45]	Error read file
[2016-07-04 15:58:45]	.\NLPIR\userdict.txt
[2016-07-04 15:58:45]	Failed Open file .\NLPIR\userdict.txt
[2016-07-04 15:58:45]	Error read file
[2016-07-04 15:58:45]	.\NLPIR\userdict.txt
[2016-07-04 15:58:45]	Failed Open file .\NLPIR\userdict.txt
[2016-07-04 15:58:45]	Error read file
[2016-07-04 15:58:45]	.\NLPIR\userdict.txt
[2016-07-04 15:58:45]	Failed Open file .\NLPIR\userdict.txt
[2016-07-04 15:58:45]	Error read file
[2016-07-04 15:58:45]	.\NLPIR\userdict.txt
[2016-07-04 15:58:45]	Failed Open file .\NLPIR\userdict.txt
[2016-07-04 15:58:45]	Error read file
[2016-07-04 15:58:45]	.\NLPIR\userdict.txt
[2016-07-04 15:58:45]	Failed Open file .\NLPIR\userdict.txt
[2016-07-04 15:58:45]	Error read file
[2016-07-04 15:58:45]	.\NLPIR\userdict.txt
[2016-07-04 15:58:45]	Failed Open file .\NLPIR\userdict.txt
[2016-07-04 15:58:45]	Error read file
[2016-07-04 15:58:45]	.\NLPIR\userdict.txt
[2016-07-04 15:58:45]	Failed Open file .\NLPIR\userdict.txt
[2016-07-04 15:58:45]	Error read file
[2016-07-04 15:58:45]	.\NLPIR\userdict.txt
[2016-07-04 15:58:45]	Failed Open file .\NLPIR\userdict.txt
[2016-07-04 15:58:45]	Error read file
[2016-07-04 15:58:45]	.\NLPIR\userdict.txt
[2016-07-04 15:58:45]	Failed Open file .\NLPIR\userdict.txt
[2016-07-04 15:58:45]	Error read file
[2016-07-04 15:58:45]	.\NLPIR\userdict.txt
[2016-07-04 15:58:45]	Failed Open file .\NLPIR\userdict.txt
[2016-07-04 15:58:45]	Error read file
[2016-07-04 15:58:45]	.\NLPIR\userdict.txt
[2016-07-04 15:58:45]	Failed Open file .\NLPIR\userdict.txt
[2016-07-04 15:58:45]	Error read file
[2016-07-04 15:58:45]	.\NLPIR\userdict.txt
[2016-07-04 15:58:45]	Failed Open file .\NLPIR\userdict.txt
[2016-07-04 15:58:45]	Error read file
[2016-07-04 15:58:45]	.\NLPIR\userdict.txt
[2016-07-04 15:58:45]	Failed Open file .\NLPIR\userdict.txt
[2016-07-04 15:58:45]	Error read file
[2016-07-04 15:58:45]	.\NLPIR\userdict.txt
[2016-07-04 15:58:45]	Failed Open file .\NLPIR\userdict.txt
[2016-07-04 15:58:45]	Error read file
[2016-07-04 15:58:45]	.\NLPIR\userdict.txt
[2016-07-04 15:58:45]	Failed Open file .\NLPIR\userdict.txt
[2016-07-04 15:58:45]	Error read file
[2016-07-04 15:58:45]	.\NLPIR\userdict.txt
[2016-07-04 15:58:45]	Failed Open file .\NLPIR\userdict.txt
[2016-07-04 15:58:45]	Error read file
[2016-07-04 15:58:45]	.\NLPIR\userdict.txt
[2016-07-04 15:58:45]	Failed Open file .\NLPIR\userdict.txt
[2016-07-04 15:58:45]	Error read file
[2016-07-04 15:58:45]	.\NLPIR\userdict.txt
[2016-07-04 15:58:45]	Failed Open file .\NLPIR\userdict.txt
[2016-07-04 15:58:45]	Error read file
[2016-07-04 15:58:45]	.\NLPIR\userdict.txt
[2016-07-04 15:58:45]	Failed Open file .\NLPIR\userdict.txt
[2016-07-04 15:58:45]	Error read file
[2016-07-04 15:58:45]	.\NLPIR\userdict.txt
[2016-07-04 15:58:45]	Failed Open file .\NLPIR\userdict.txt
[2016-07-04 15:58:45]	Error read file
[2016-07-04 15:58:45]	.\NLPIR\userdict.txt
[2016-07-04 15:58:45]	Failed Open file .\NLPIR\userdict.txt
[2016-07-04 15:58:45]	Error read file
[2016-07-04 15:58:45]	.\NLPIR\userdict.txt
[2016-07-04 15:58:45]	Failed Open file .\NLPIR\userdict.txt
[2016-07-04 15:58:45]	Error read file
[2016-07-04 15:58:45]	.\NLPIR\userdict.txt
[2016-07-04 15:58:45]	Failed Open file .\NLPIR\userdict.txt
[2016-07-04 15:58:45]	Error read file
[2016-07-04 15:58:45]	.\NLPIR\userdict.txt
[2016-07-04 15:58:45]	Failed Open file .\NLPIR\userdict.txt
[2016-07-04 15:58:45]	Error read file
[2016-07-04 15:58:45]	.\NLPIR\userdict.txt
[2016-07-04 15:58:45]	Failed Open file .\NLPIR\userdict.txt
[2016-07-04 15:58:45]	Error read file
[2016-07-04 15:58:45]	.\NLPIR\userdict.txt
[2016-07-04 15:58:45]	Failed Open file .\NLPIR\userdict.txt
[2016-07-04 15:58:45]	Error read file
[2016-07-04 15:58:45]	.\NLPIR\userdict.txt
[2016-07-04 15:58:45]	Failed Open file .\NLPIR\userdict.txt
[2016-07-04 15:58:45]	Error read file
[2016-07-04 15:58:45]	.\NLPIR\userdict.txt
[2016-07-04 15:58:45]	Failed Open file .\NLPIR\userdict.txt
[2016-07-04 15:58:45]	Error read file
[2016-07-04 15:58:45]	.\NLPIR\userdict.txt
[2016-07-04 15:58:45]	Failed Open file .\NLPIR\userdict.txt
[2016-07-04 15:58:45]	Error read file
[2016-07-04 15:58:45]	.\NLPIR\userdict.txt
[2016-07-04 15:58:45]	Failed Open file .\NLPIR\userdict.txt
[2016-07-04 15:58:45]	Error read file
[2016-07-04 15:58:45]	.\NLPIR\userdict.txt
[2016-07-04 15:58:45]	Failed Open file .\NLPIR\userdict.txt
[2016-07-04 15:58:45]	Error read file
[2016-07-04 15:58:45]	.\NLPIR\userdict.txt
[2016-07-04 15:58:45]	Failed Open file .\NLPIR\userdict.txt
[2016-07-04 15:58:45]	Error read file
[2016-07-04 15:58:45]	.\NLPIR\userdict.txt
[2016-07-04 15:58:45]	Failed Open file .\NLPIR\userdict.txt
[2016-07-04 15:58:45]	Error read file
[2016-07-04 15:58:45]	.\NLPIR\userdict.txt
[2016-07-04 15:58:45]	Failed Open file .\NLPIR\userdict.txt
[2016-07-04 15:58:45]	Error read file
[2016-07-04 15:58:45]	.\NLPIR\userdict.txt
[2016-07-04 15:58:45]	Failed Open file .\NLPIR\userdict.txt
[2016-07-04 15:58:45]	Error read file
[2016-07-04 15:58:45]	.\NLPIR\userdict.txt
[2016-07-04 15:58:45]	Failed Open file .\NLPIR\userdict.txt
[2016-07-04 15:58:45]	Error read file
[2016-07-04 15:58:45]	.\NLPIR\userdict.txt
[2016-07-04 15:58:45]	Failed Open file .\NLPIR\userdict.txt
[2016-07-04 15:58:45]	Error read file
[2016-07-04 15:58:45]	.\NLPIR\userdict.txt
[2016-07-04 15:58:45]	Failed Open file .\NLPIR\userdict.txt
[2016-07-04 15:58:45]	Error read file
[2016-07-04 15:58:45]	.\NLPIR\userdict.txt
[2016-07-04 15:58:46]	Failed Open file .\NLPIR\userdict.txt
[2016-07-04 15:58:46]	Error read file
[2016-07-04 15:58:46]	.\NLPIR\userdict.txt
[2016-07-04 15:58:46]	Failed Open file .\NLPIR\userdict.txt
[2016-07-04 15:58:46]	Error read file
[2016-07-04 15:58:46]	.\NLPIR\userdict.txt
[2016-07-04 15:58:46]	Failed Open file .\NLPIR\userdict.txt
[2016-07-04 15:58:46]	Error read file
[2016-07-04 15:58:46]	.\NLPIR\userdict.txt
[2016-07-04 15:58:46]	Failed Open file .\NLPIR\userdict.txt
[2016-07-04 15:58:46]	Error read file
[2016-07-04 15:58:46]	.\NLPIR\userdict.txt
[2016-07-04 15:58:46]	Failed Open file .\NLPIR\userdict.txt
[2016-07-04 15:58:46]	Error read file
[2016-07-04 15:58:46]	.\NLPIR\userdict.txt
[2016-07-04 15:58:46]	Failed Open file .\NLPIR\userdict.txt
[2016-07-04 15:58:46]	Error read file
[2016-07-04 15:58:46]	.\NLPIR\userdict.txt
[2016-07-04 15:58:46]	Failed Open file .\NLPIR\userdict.txt
[2016-07-04 15:58:46]	Error read file
[2016-07-04 15:58:46]	.\NLPIR\userdict.txt
[2016-07-04 15:58:46]	Failed Open file .\NLPIR\userdict.txt
[2016-07-04 15:58:46]	Error read file
[2016-07-04 15:58:46]	.\NLPIR\userdict.txt
[2016-07-04 15:58:46]	Failed Open file .\NLPIR\userdict.txt
[2016-07-04 15:58:46]	Error read file
[2016-07-04 15:58:46]	.\NLPIR\userdict.txt
[2016-07-04 15:58:46]	Failed Open file .\NLPIR\userdict.txt
[2016-07-04 15:58:46]	Error read file
[2016-07-04 15:58:46]	.\NLPIR\userdict.txt
[2016-07-04 15:58:46]	Failed Open file .\NLPIR\userdict.txt
[2016-07-04 15:58:46]	Error read file
[2016-07-04 15:58:46]	.\NLPIR\userdict.txt
[2016-07-04 15:58:46]	Failed Open file .\NLPIR\userdict.txt
[2016-07-04 15:58:46]	Error read file
[2016-07-04 15:58:46]	.\NLPIR\userdict.txt
[2016-07-04 15:58:46]	Failed Open file .\NLPIR\userdict.txt
[2016-07-04 15:58:46]	Error read file
[2016-07-04 15:58:46]	.\NLPIR\userdict.txt
[2016-07-04 15:58:46]	Failed Open file .\NLPIR\userdict.txt
[2016-07-04 15:58:46]	Error read file
[2016-07-04 15:58:46]	.\NLPIR\userdict.txt
[2016-07-04 15:58:46]	Failed Open file .\NLPIR\userdict.txt
[2016-07-04 15:58:46]	Error read file
[2016-07-04 15:58:46]	.\NLPIR\userdict.txt
[2016-07-04 15:58:46]	Failed Open file .\NLPIR\userdict.txt
[2016-07-04 15:58:46]	Error read file
[2016-07-04 15:58:46]	.\NLPIR\userdict.txt
[2016-07-04 15:58:46]	Failed Open file .\NLPIR\userdict.txt
[2016-07-04 15:58:46]	Error read file
[2016-07-04 15:58:46]	.\NLPIR\userdict.txt
[2016-07-04 15:58:46]	Failed Open file .\NLPIR\userdict.txt
[2016-07-04 15:58:46]	Error read file
[2016-07-04 15:58:46]	.\NLPIR\userdict.txt
[2016-07-04 15:58:46]	Failed Open file .\NLPIR\userdict.txt
[2016-07-04 15:58:46]	Error read file
[2016-07-04 15:58:46]	.\NLPIR\userdict.txt
[2016-07-04 15:58:46]	Failed Open file .\NLPIR\userdict.txt
[2016-07-04 15:58:46]	Error read file
[2016-07-04 15:58:46]	.\NLPIR\userdict.txt
[2016-07-04 15:58:46]	Failed Open file .\NLPIR\userdict.txt
[2016-07-04 15:58:46]	Error read file
[2016-07-04 15:58:46]	.\NLPIR\userdict.txt
[2016-07-04 15:58:46]	Failed Open file .\NLPIR\userdict.txt
[2016-07-04 15:58:46]	Error read file
[2016-07-04 15:58:46]	.\NLPIR\userdict.txt
[2016-07-04 15:58:46]	Failed Open file .\NLPIR\userdict.txt
[2016-07-04 15:58:46]	Error read file
[2016-07-04 15:58:46]	.\NLPIR\userdict.txt
[2016-07-04 15:58:46]	Failed Open file .\NLPIR\userdict.txt
[2016-07-04 15:58:46]	Error read file
[2016-07-04 15:58:46]	.\NLPIR\userdict.txt
[2016-07-04 15:58:46]	Failed Open file .\NLPIR\userdict.txt
[2016-07-04 15:58:46]	Error read file
[2016-07-04 15:58:46]	.\NLPIR\userdict.txt
[2016-07-04 15:58:46]	Failed Open file .\NLPIR\userdict.txt
[2016-07-04 15:58:46]	Error read file
[2016-07-04 15:58:46]	.\NLPIR\userdict.txt
[2016-07-04 15:58:46]	Failed Open file .\NLPIR\userdict.txt
[2016-07-04 15:58:46]	Error read file
[2016-07-04 15:58:46]	.\NLPIR\userdict.txt
[2016-07-04 15:58:46]	Failed Open file .\NLPIR\userdict.txt
[2016-07-04 15:58:46]	Error read file
[2016-07-04 15:58:46]	.\NLPIR\userdict.txt
[2016-07-04 15:58:46]	Failed Open file .\NLPIR\userdict.txt
[2016-07-04 15:58:46]	Error read file
[2016-07-04 15:58:46]	.\NLPIR\userdict.txt
[2016-07-04 15:58:46]	Failed Open file .\NLPIR\userdict.txt
[2016-07-04 15:58:46]	Error read file
[2016-07-04 15:58:46]	.\NLPIR\userdict.txt
[2016-07-04 15:58:46]	Failed Open file .\NLPIR\userdict.txt
[2016-07-04 15:58:46]	Error read file
[2016-07-04 15:58:46]	.\NLPIR\userdict.txt
[2016-07-04 15:58:46]	Failed Open file .\NLPIR\userdict.txt
[2016-07-04 15:58:46]	Error read file
[2016-07-04 15:58:46]	.\NLPIR\userdict.txt
[2016-07-04 15:58:46]	Failed Open file .\NLPIR\userdict.txt
[2016-07-04 15:58:46]	Error read file
[2016-07-04 15:58:46]	.\NLPIR\userdict.txt
[2016-07-04 15:58:46]	Failed Open file .\NLPIR\userdict.txt
[2016-07-04 15:58:46]	Error read file
[2016-07-04 15:58:46]	.\NLPIR\userdict.txt
[2016-07-04 15:58:46]	Failed Open file .\NLPIR\userdict.txt
[2016-07-04 15:58:46]	Error read file
[2016-07-04 15:58:46]	.\NLPIR\userdict.txt
[2016-07-04 15:58:46]	Failed Open file .\NLPIR\userdict.txt
[2016-07-04 15:58:46]	Error read file
[2016-07-04 15:58:46]	.\NLPIR\userdict.txt
[2016-07-04 15:58:46]	Failed Open file .\NLPIR\userdict.txt
[2016-07-04 15:58:46]	Error read file
[2016-07-04 15:58:46]	.\NLPIR\userdict.txt
[2016-07-04 15:58:46]	Failed Open file .\NLPIR\userdict.txt
[2016-07-04 15:58:46]	Error read file
[2016-07-04 15:58:46]	.\NLPIR\userdict.txt
[2016-07-04 15:58:46]	Failed Open file .\NLPIR\userdict.txt
[2016-07-04 15:58:46]	Error read file
[2016-07-04 15:58:46]	.\NLPIR\userdict.txt
[2016-07-04 15:58:46]	Failed Open file .\NLPIR\userdict.txt
[2016-07-04 15:58:46]	Error read file
[2016-07-04 15:58:46]	.\NLPIR\userdict.txt
[2016-07-04 15:58:46]	Failed Open file .\NLPIR\userdict.txt
[2016-07-04 15:58:46]	Error read file
[2016-07-04 15:58:46]	.\NLPIR\userdict.txt
[2016-07-04 15:58:46]	Failed Open file .\NLPIR\userdict.txt
[2016-07-04 15:58:46]	Error read file
[2016-07-04 15:58:46]	.\NLPIR\userdict.txt
[2016-07-04 15:58:46]	Failed Open file .\NLPIR\userdict.txt
[2016-07-04 15:58:46]	Error read file
[2016-07-04 15:58:46]	.\NLPIR\userdict.txt
[2016-07-04 15:58:46]	Failed Open file .\NLPIR\userdict.txt
[2016-07-04 15:58:46]	Error read file
[2016-07-04 15:58:46]	.\NLPIR\userdict.txt
[2016-07-04 15:58:46]	Failed Open file .\NLPIR\userdict.txt
[2016-07-04 15:58:46]	Error read file
[2016-07-04 15:58:46]	.\NLPIR\userdict.txt
[2016-07-04 15:58:46]	Failed Open file .\NLPIR\userdict.txt
[2016-07-04 15:58:46]	Error read file
[2016-07-04 15:58:46]	.\NLPIR\userdict.txt
[2016-07-04 15:58:46]	Failed Open file .\NLPIR\userdict.txt
[2016-07-04 15:58:46]	Error read file
[2016-07-04 15:58:46]	.\NLPIR\userdict.txt
[2016-07-04 15:58:46]	Failed Open file .\NLPIR\userdict.txt
[2016-07-04 15:58:46]	Error read file
[2016-07-04 15:58:46]	.\NLPIR\userdict.txt
[2016-07-04 15:58:46]	Failed Open file .\NLPIR\userdict.txt
[2016-07-04 15:58:46]	Error read file
[2016-07-04 15:58:46]	.\NLPIR\userdict.txt
[2016-07-04 15:58:46]	Failed Open file .\NLPIR\userdict.txt
[2016-07-04 15:58:46]	Error read file
[2016-07-04 15:58:46]	.\NLPIR\userdict.txt
[2016-07-04 15:58:46]	Failed Open file .\NLPIR\userdict.txt
[2016-07-04 15:58:46]	Error read file
[2016-07-04 15:58:46]	.\NLPIR\userdict.txt
[2016-07-04 15:58:46]	Failed Open file .\NLPIR\userdict.txt
[2016-07-04 15:58:46]	Error read file
[2016-07-04 15:58:46]	.\NLPIR\userdict.txt
[2016-07-04 15:58:46]	Failed Open file .\NLPIR\userdict.txt
[2016-07-04 15:58:46]	Error read file
[2016-07-04 15:58:46]	.\NLPIR\userdict.txt
[2016-07-04 15:58:46]	Failed Open file .\NLPIR\userdict.txt
[2016-07-04 15:58:46]	Error read file
[2016-07-04 15:58:46]	.\NLPIR\userdict.txt
[2016-07-04 15:58:46]	Failed Open file .\NLPIR\userdict.txt
[2016-07-04 15:58:46]	Error read file
[2016-07-04 15:58:46]	.\NLPIR\userdict.txt
[2016-07-04 15:58:46]	Failed Open file .\NLPIR\userdict.txt
[2016-07-04 15:58:46]	Error read file
[2016-07-04 15:58:46]	.\NLPIR\userdict.txt
[2016-07-04 15:58:46]	Failed Open file .\NLPIR\userdict.txt
[2016-07-04 15:58:46]	Error read file
[2016-07-04 15:58:46]	.\NLPIR\userdict.txt
[2016-07-04 15:58:46]	Failed Open file .\NLPIR\userdict.txt
[2016-07-04 15:58:46]	Error read file
[2016-07-04 15:58:46]	.\NLPIR\userdict.txt
[2016-07-04 15:58:46]	Failed Open file .\NLPIR\userdict.txt
[2016-07-04 15:58:46]	Error read file
[2016-07-04 15:58:46]	.\NLPIR\userdict.txt
[2016-07-04 15:58:46]	Failed Open file .\NLPIR\userdict.txt
[2016-07-04 15:58:46]	Error read file
[2016-07-04 15:58:46]	.\NLPIR\userdict.txt
[2016-07-04 15:58:46]	Failed Open file .\NLPIR\userdict.txt
[2016-07-04 15:58:46]	Error read file
[2016-07-04 15:58:46]	.\NLPIR\userdict.txt
[2016-07-04 15:58:46]	Failed Open file .\NLPIR\userdict.txt
[2016-07-04 15:58:46]	Error read file
[2016-07-04 15:58:46]	.\NLPIR\userdict.txt
[2016-07-04 15:58:46]	Failed Open file .\NLPIR\userdict.txt
[2016-07-04 15:58:46]	Error read file
[2016-07-04 15:58:46]	.\NLPIR\userdict.txt
[2016-07-04 15:58:46]	Failed Open file .\NLPIR\userdict.txt
[2016-07-04 15:58:46]	Error read file
[2016-07-04 15:58:46]	.\NLPIR\userdict.txt
[2016-07-04 15:58:46]	Failed Open file .\NLPIR\userdict.txt
[2016-07-04 15:58:46]	Error read file
[2016-07-04 15:58:46]	.\NLPIR\userdict.txt
[2016-07-04 15:58:46]	Failed Open file .\NLPIR\userdict.txt
[2016-07-04 15:58:46]	Error read file
[2016-07-04 15:58:46]	.\NLPIR\userdict.txt
[2016-07-04 15:58:46]	Failed Open file .\NLPIR\userdict.txt
[2016-07-04 15:58:46]	Error read file
[2016-07-04 15:58:46]	.\NLPIR\userdict.txt
[2016-07-04 15:58:46]	Failed Open file .\NLPIR\userdict.txt
[2016-07-04 15:58:46]	Error read file
[2016-07-04 15:58:46]	.\NLPIR\userdict.txt
[2016-07-04 15:58:46]	Failed Open file .\NLPIR\userdict.txt
[2016-07-04 15:58:46]	Error read file
[2016-07-04 15:58:46]	.\NLPIR\userdict.txt
[2016-07-04 15:58:46]	Failed Open file .\NLPIR\userdict.txt
[2016-07-04 15:58:46]	Error read file
[2016-07-04 15:58:46]	.\NLPIR\userdict.txt
[2016-07-04 15:58:46]	Failed Open file .\NLPIR\userdict.txt
[2016-07-04 15:58:46]	Error read file
[2016-07-04 15:58:46]	.\NLPIR\userdict.txt
[2016-07-04 15:58:46]	Failed Open file .\NLPIR\userdict.txt
[2016-07-04 15:58:46]	Error read file
[2016-07-04 15:58:46]	.\NLPIR\userdict.txt
[2016-07-04 15:58:46]	Failed Open file .\NLPIR\userdict.txt
[2016-07-04 15:58:46]	Error read file
[2016-07-04 15:58:46]	.\NLPIR\userdict.txt
[2016-07-04 15:58:46]	Failed Open file .\NLPIR\userdict.txt
[2016-07-04 15:58:46]	Error read file
[2016-07-04 15:58:46]	.\NLPIR\userdict.txt
[2016-07-04 15:58:46]	Failed Open file .\NLPIR\userdict.txt
[2016-07-04 15:58:46]	Error read file
[2016-07-04 15:58:46]	.\NLPIR\userdict.txt
[2016-07-04 15:58:46]	Failed Open file .\NLPIR\userdict.txt
[2016-07-04 15:58:46]	Error read file
[2016-07-04 15:58:46]	.\NLPIR\userdict.txt
[2016-07-04 15:58:46]	Failed Open file .\NLPIR\userdict.txt
[2016-07-04 15:58:46]	Error read file
[2016-07-04 15:58:46]	.\NLPIR\userdict.txt
[2016-07-04 15:58:46]	Failed Open file .\NLPIR\userdict.txt
[2016-07-04 15:58:46]	Error read file
[2016-07-04 15:58:46]	.\NLPIR\userdict.txt
[2016-07-04 15:58:46]	Failed Open file .\NLPIR\userdict.txt
[2016-07-04 15:58:46]	Error read file
[2016-07-04 15:58:46]	.\NLPIR\userdict.txt
[2016-07-04 15:58:46]	Failed Open file .\NLPIR\userdict.txt
[2016-07-04 15:58:46]	Error read file
[2016-07-04 15:58:46]	.\NLPIR\userdict.txt
[2016-07-04 15:58:46]	Failed Open file .\NLPIR\userdict.txt
[2016-07-04 15:58:46]	Error read file
[2016-07-04 15:58:46]	.\NLPIR\userdict.txt
[2016-07-04 15:58:46]	Failed Open file .\NLPIR\userdict.txt
[2016-07-04 15:58:46]	Error read file
[2016-07-04 15:58:46]	.\NLPIR\userdict.txt
[2016-07-04 15:58:46]	Failed Open file .\NLPIR\userdict.txt
[2016-07-04 15:58:46]	Error read file
[2016-07-04 15:58:46]	.\NLPIR\userdict.txt
[2016-07-04 15:58:46]	Failed Open file .\NLPIR\userdict.txt
[2016-07-04 15:58:46]	Error read file
[2016-07-04 15:58:46]	.\NLPIR\userdict.txt
[2016-07-04 15:58:46]	Failed Open file .\NLPIR\userdict.txt
[2016-07-04 15:58:46]	Error read file
[2016-07-04 15:58:46]	.\NLPIR\userdict.txt
[2016-07-04 15:58:46]	Failed Open file .\NLPIR\userdict.txt
[2016-07-04 15:58:46]	Error read file
[2016-07-04 15:58:46]	.\NLPIR\userdict.txt
[2016-07-04 15:58:46]	Failed Open file .\NLPIR\userdict.txt
[2016-07-04 15:58:46]	Error read file
[2016-07-04 15:58:46]	.\NLPIR\userdict.txt
[2016-07-04 15:58:46]	Failed Open file .\NLPIR\userdict.txt
[2016-07-04 15:58:46]	Error read file
[2016-07-04 15:58:46]	.\NLPIR\userdict.txt
[2016-07-04 15:58:46]	Failed Open file .\NLPIR\userdict.txt
[2016-07-04 15:58:46]	Error read file
[2016-07-04 15:58:46]	.\NLPIR\userdict.txt
[2016-07-04 15:58:46]	Failed Open file .\NLPIR\userdict.txt
[2016-07-04 15:58:46]	Error read file
[2016-07-04 15:58:46]	.\NLPIR\userdict.txt
[2016-07-04 15:58:46]	Failed Open file .\NLPIR\userdict.txt
[2016-07-04 15:58:46]	Error read file
[2016-07-04 15:58:46]	.\NLPIR\userdict.txt
[2016-07-04 15:58:46]	Failed Open file .\NLPIR\userdict.txt
[2016-07-04 15:58:46]	Error read file
[2016-07-04 15:58:46]	.\NLPIR\userdict.txt
[2016-07-04 15:58:46]	Failed Open file .\NLPIR\userdict.txt
[2016-07-04 15:58:46]	Error read file
[2016-07-04 15:58:46]	.\NLPIR\userdict.txt
[2016-07-04 15:58:46]	Failed Open file .\NLPIR\userdict.txt
[2016-07-04 15:58:46]	Error read file
[2016-07-04 15:58:46]	.\NLPIR\userdict.txt
[2016-07-04 15:58:46]	Failed Open file .\NLPIR\userdict.txt
[2016-07-04 15:58:46]	Error read file
[2016-07-04 15:58:46]	.\NLPIR\userdict.txt
[2016-07-04 15:58:46]	Failed Open file .\NLPIR\userdict.txt
[2016-07-04 15:58:46]	Error read file
[2016-07-04 15:58:46]	.\NLPIR\userdict.txt
[2016-07-04 15:58:46]	Failed Open file .\NLPIR\userdict.txt
[2016-07-04 15:58:46]	Error read file
[2016-07-04 15:58:46]	.\NLPIR\userdict.txt
[2016-07-04 15:58:46]	Failed Open file .\NLPIR\userdict.txt
[2016-07-04 15:58:46]	Error read file
[2016-07-04 15:58:46]	.\NLPIR\userdict.txt
[2016-07-04 15:58:46]	Failed Open file .\NLPIR\userdict.txt
[2016-07-04 15:58:46]	Error read file
[2016-07-04 15:58:46]	.\NLPIR\userdict.txt
[2016-07-04 16:08:08]	Cannot open file 
[2016-07-04 16:08:08]	.\NLPIR\Data\KeyBlackList.pdat
[2016-07-04 16:10:38]	Cannot open file 
[2016-07-04 16:10:38]	.\NLPIR\Data\KeyBlackList.pdat
[2016-07-04 16:14:23]	Cannot open file 
[2016-07-04 16:14:23]	.\NLPIR\Data\KeyBlackList.pdat
[2016-07-04 16:31:19]	Cannot open file 
[2016-07-04 16:31:19]	.\NLPIR\Data\KeyBlackList.pdat
[2016-07-04 16:33:21]	Cannot open file 
[2016-07-04 16:33:21]	.\NLPIR\Data\KeyBlackList.pdat
[2016-07-04 17:47:33]	Cannot open file 
[2016-07-04 17:47:33]	.\NLPIR\Data\KeyBlackList.pdat
[2016-07-04 17:52:15]	Cannot open file 
[2016-07-04 17:52:15]	.\NLPIR\Data\KeyBlackList.pdat
[2016-07-04 17:53:15]	Cannot open file 
[2016-07-04 17:53:15]	.\NLPIR\Data\KeyBlackList.pdat
[2016-07-04 17:56:29]	Cannot open file 
[2016-07-04 17:56:29]	.\NLPIR\Data\KeyBlackList.pdat
