[2016-06-07 12:14:35]	../../\Data\NLPIR.user Not valid license or your license expired! Please feel free to contact pipy_zhang@msn.com! 
[2016-06-07 12:14:47]	..\..\\Data\NLPIR.user Not valid license or your license expired! Please feel free to contact pipy_zhang@msn.com! 
[2016-06-07 12:14:54]	../../\Data\NLPIR.user Not valid license or your license expired! Please feel free to contact pipy_zhang@msn.com! 
[2016-06-07 20:12:06]	../NLPIR\Data\NLPIR.user Not valid license or your license expired! Please feel free to contact pipy_zhang@msn.com! 
[2016-06-07 20:15:42]	../NLPIR\Data\NLPIR.user Not valid license or your license expired! Please feel free to contact pipy_zhang@msn.com! 
[2016-06-07 20:20:12]	../NLPIR\Data\NLPIR.user Not valid license or your license expired! Please feel free to contact pipy_zhang@msn.com! 
[2016-06-07 20:21:35]	../NLPIR\Data\NLPIR.user Not valid license or your license expired! Please feel free to contact pipy_zhang@msn.com! 
[2016-06-07 20:23:28]	..\NLPIR\Data\NLPIR.user Not valid license or your license expired! Please feel free to contact pipy_zhang@msn.com! 
[2016-06-07 20:24:41]	..\NLPIR\Data\NLPIR.user Not valid license or your license expired! Please feel free to contact pipy_zhang@msn.com! 
[2016-06-07 20:31:12]	Cannot open file 
[2016-06-07 20:31:12]	..\NLPIR\Data\KeyBlackList.pdat
[2016-06-07 20:49:10]	Cannot open file 
[2016-06-07 20:49:10]	..\NLPIR\Data\KeyBlackList.pdat
[2016-06-07 20:55:15]	Cannot open file 
[2016-06-07 20:55:15]	..\NLPIR\Data\KeyBlackList.pdat
[2016-06-07 21:12:55]	Error read file
[2016-06-07 21:12:55]	../test/潘浚一个字头的诞生.TXT
[2016-06-07 21:12:55]	Error read file
[2016-06-07 21:12:55]	../test/潘浚一个字头的诞生.TXT
[2016-06-07 21:15:08]	Cannot open file 
[2016-06-07 21:15:08]	..\NLPIR\Data\KeyBlackList.pdat
